Dir . '/fzaninotto/faker/src/Faker/Provider/uk_UA/Company.php',
    'Faker\\Provider\\uk_UA\\Internet' => $vendorDir . '/fzaninotto/faker/src/Faker/Provider/uk_UA/Internet.php',
    'Faker\\Provider\\uk_UA\\Payment' => $vendorDir . '/fzaninotto/faker/src/Faker/Provider/uk_UA/Payment.php',
    'Faker\\Provider\\uk_UA\\Person' => $vendorDir . '/fzaninotto/faker/src/Faker/Provider/uk_UA/Person.php',
    'Faker\\Provider\\uk_UA\\PhoneNumber' => $vendorDir . '/fzaninotto/faker/src/Faker/Provider/uk_UA/PhoneNumber.php',
    'Faker\\Provider\\uk_UA\\Text' => $vendorDir . '/fzaninotto/faker/src/Faker/Provider/uk_UA/Text.php',
    'Faker\\Provider\\vi_VN\\Address' => $vendorDir . '/fzaninotto/faker/src/Faker/Provider/vi_VN/Address.php',
    'Faker\\Provider\\vi_VN\\Color' => $vendorDir . '/fzaninotto/faker/src/Faker/Provider/vi_VN/Color.php',
    'Faker\\Provider\\vi_VN\\Internet' => $vendorDir . '/fzaninotto/faker/src/Faker/Provider/vi_VN/Internet.php',
    'Faker\\Provider\\vi_VN\\Person' => $vendorDir . '/fzaninotto/faker/src/Faker/Provider/vi_VN/Person.php',
    'Faker\\Provider\\vi_VN\\PhoneNumber' => $vendorDir . '/fzaninotto/faker/src/Faker/Provider/vi_VN/PhoneNumber.php',
    'Faker\\Provider\\zh_CN\\Address' => $vendorDir . '/fzaninotto/faker/src/Faker/Provider/zh_CN/Address.php',
    'Faker\\Provider\\zh_CN\\Color' => $vendorDir . '/fzaninotto/faker/src/Faker/Provider/zh_CN/Color.php',
    'Faker\\Provider\\zh_CN\\Company' => $vendorDir . '/fzaninotto/faker/src/Faker/Provider/zh_CN/Company.php',
    'Faker\\Provider\\zh_CN\\DateTime' => $vendorDir . '/fzaninotto/faker/src/Faker/Provider/zh_CN/DateTime.php',
    'Faker\\Provider\\zh_CN\\Internet' => $vendorDir . '/fzaninotto/faker/src/Faker/Provider/zh_CN/Internet.php',
    'Faker\\Provider\\zh_CN\\Payment' => $vendorDir . '/fzaninotto/faker/src/Faker/Provider/zh_CN/Payment.php',
    'Faker\\Provider\\zh_CN\\Person' => $vendorDir . '/fzaninotto/faker/src/Faker/Provider/zh_CN/Person.php',
    'Faker\\Provider\\zh_CN\\PhoneNumber' => $vendorDir . '/fzaninotto/faker/src/Faker/Provider/zh_CN/PhoneNumber.php',
    'Faker\\Provider\\zh_TW\\Address' => $vendorDir . '/fzaninotto/faker/src/Faker/Provider/zh_TW/Address.php',
    'Faker\\Provider\\zh_TW\\Color' => $vendorDir . '/fzaninotto/faker/src/Faker/Provider/zh_TW/Color.php',
    'Faker\\Provider\\zh_TW\\Company' => $vendorDir . '/fzaninotto/faker/src/Faker/Provider/zh_TW/Company.php',
    'Faker\\Provider\\zh_TW\\DateTime' => $vendorDir . '/fzaninotto/faker/src/Faker/Provider/zh_TW/DateTime.php',
    'Faker\\Provider\\zh_TW\\Internet' => $vendorDir . '/fzaninotto/faker/src/Faker/Provider/zh_TW/Internet.php',
    'Faker\\Provider\\zh_TW\\Payment' => $vendorDir . '/fzaninotto/faker/src/Faker/Provider/zh_TW/Payment.php',
    'Faker\\Provider\\zh_TW\\Person' => $vendorDir . '/fzaninotto/faker/src/Faker/Provider/zh_TW/Person.php',
    'Faker\\Provider\\zh_TW\\PhoneNumber' => $vendorDir . '/fzaninotto/faker/src/Faker/Provider/zh_TW/PhoneNumber.php',
    'Faker\\Provider\\zh_TW\\Text' => $vendorDir . '/fzaninotto/faker/src/Faker/Provider/zh_TW/Text.php',
    'Faker\\UniqueGenerator' => $vendorDir . '/fzaninotto/faker/src/Faker/UniqueGenerator.php',
    'Faker\\ValidGenerator' => $vendorDir . '/fzaninotto/faker/src/Faker/ValidGenerator.php',
    'Fideloper\\Proxy\\TrustProxies' => $vendorDir . '/fideloper/proxy/src/TrustProxies.php',
    'Fideloper\\Proxy\\TrustedProxyServiceProvider' => $vendorDir . '/fideloper/proxy/src/TrustedProxyServiceProvider.php',
    'Hamcrest\\Arrays\\IsArray' => $vendorDir . '/hamcrest/hamcrest-php/hamcrest/Hamcrest/Arrays/IsArray.php',
    'Hamcrest\\Arrays\\IsArrayContaining' => $vendorDir . '/hamcrest/hamcrest-php/hamcrest/Hamcrest/Arrays/IsArrayContaining.php',
    'Hamcrest\\Arrays\\IsArrayContainingInAnyOrder' => $vendorDir . '/hamcrest/hamcrest-php/hamcrest/Hamcrest/Arrays/IsArrayContainingInAnyOrder.php',
    'Hamcrest\\Arrays\\IsArrayContainingInOrder' => $vendorDir . '/hamcrest/hamcrest-php/hamcrest/Hamcrest/Arrays/IsArrayContainingInOrder.php',
    'Hamcrest\\Arrays\\IsArrayContainingKey' => $vendorDir . '/hamcrest/hamcrest-php/hamcrest/Hamcrest/Arrays/IsArrayContainingKey.php',
    'Hamcrest\\Arrays\\IsArrayContainingKeyValuePair' => $vendorDir . '/hamcrest/hamcrest-php/hamcrest/Hamcrest/Arrays/IsArrayContainingKeyValuePair.php',
    'Hamcrest\\Arrays\\IsArrayWithSize' => $vendorDir . '/hamcrest/hamcrest-php/hamcrest/Hamcrest/Arrays/IsArrayWithSize.php',
    'Hamcrest\\Arrays\\MatchingOnce' => $vendorDir . '/hamcrest/hamcrest-php/hamcrest/Hamcrest/Arrays/MatchingOnce.php',
    'Hamcrest\\Arrays\\SeriesMatchingOnce' => $vendorDir . '/hamcrest/hamcrest-php/hamcrest/Hamcrest/Arrays/SeriesMatchingOnce.php',
    'Hamcrest\\AssertionError' => $vendorDir . '/hamcrest/hamcrest-php/hamcrest/Hamcrest/AssertionError.php',
    'Hamcrest\\BaseDescription' => $vendorDir . '/hamcrest/hamcrest-php/hamcrest/Hamcrest/BaseDescription.php',
    'Hamcrest\\BaseMatcher' => $vendorDir . '/hamcrest/hamcrest-php/hamcrest/Hamcrest/BaseMatcher.php',
    'Hamcrest\\Collection\\IsEmptyTraversable' => $vendorDir . '/hamcrest/hamcrest-php/hamcrest/Hamcrest/Collection/IsEmptyTraversable.php',
    'Hamcrest\\Collection\\IsTraversableWithSize' => $vendorDir . '/hamcrest/hamcrest-php/hamcrest/Hamcrest/Collection/IsTraversableWithSize.php',
    'Hamcrest\\Core\\AllOf' => $vendorDir . '/hamcrest/hamcrest-php/hamcrest/Hamcrest/Core/AllOf.php',
    'Hamcrest\\Core\\AnyOf' => $vendorDir . '/hamcrest/hamcrest-php/hamcrest/Hamcrest/Core/AnyOf.php',
    'Hamcrest\\Core\\CombinableMatcher' => $vendorDir . '/hamcrest/hamcrest-php/hamcrest/Hamcrest/Core/CombinableMatcher.php',
    'Hamcrest\\Core\\DescribedAs' => $vendorDir . '/hamcrest/hamcrest-php/hamcrest/Hamcrest/Core/DescribedAs.php',
    'Hamcrest\\Core\\Every' => $vendorDir . '/hamcrest/hamcrest-php/hamcrest/Hamcrest/Core/Every.php',
    'Hamcrest\\Core\\HasToString' => $vendorDir . '/hamcrest/hamcrest-php/hamcrest/Hamcrest/Core/HasToString.php',
    'Hamcrest\\Core\\Is' => $vendorDir . '/hamcrest/hamcrest-php/hamcrest/Hamcrest/Core/Is.php',
    'Hamcrest\\Core\\IsAnything' => $vendorDir . '/hamcrest/hamcrest-php/hamcrest/Hamcrest/Core/IsAnything.php',
    'Hamcrest\\Core\\IsCollectionContaining' => $vendorDir . '/hamcrest/hamcrest-php/hamcrest/Hamcrest/Core/IsCollectionContaining.php',
    'Hamcrest\\Core\\IsEqual' => $vendorDir . '/hamcrest/hamcrest-php/hamcrest/Hamcrest/Core/IsEqual.php',
    'Hamcrest\\Core\\IsIdentical' => $vendorDir . '/hamcrest/hamcrest-php/hamcrest/Hamcrest/Core/IsIdentical.php',
    'Hamcrest\\Core\\IsInstanceOf' => $vendorDir . '/hamcrest/hamcrest-php/hamcrest/Hamcrest/Core/IsInstanceOf.php',
    'Hamcrest\\Core\\IsNot' => $vendorDir . '/hamcrest/hamcrest-php/hamcrest/Hamcrest/Core/IsNot.php',
    'Hamcrest\\Core\\IsNull' => $vendorDir . '/hamcrest/hamcrest-php/hamcrest/Hamcrest/Core/IsNull.php',
    'Hamcrest\\Core\\IsSame' => $vendorDir . '/hamcrest/hamcrest-php/hamcrest/Hamcrest/Core/IsSame.php',
    'Hamcrest\\Core\\IsTypeOf' => $vendorDir . '/hamcrest/hamcrest-php/hamcrest/Hamcrest/Core/IsTypeOf.php',
    'Hamcrest\\Core\\Set' => $vendorDir . '/hamcrest/hamcrest-php/hamcrest/Hamcrest/Core/Set.php',
    'Hamcrest\\Core\\ShortcutCombination' => $vendorDir . '/hamcrest/hamcrest-php/hamcrest/Hamcrest/Core/ShortcutCombination.php',
    'Hamcrest\\Description' => $vendorDir . '/hamcrest/hamcrest-php/hamcrest/Hamcrest/Description.php',
    'Hamcrest\\DiagnosingMatcher' => $vendorDir . '/hamcrest/hamcrest-php/hamcrest/Hamcrest/DiagnosingMatcher.php',
    'Hamcrest\\FeatureMatcher' => $vendorDir . '/hamcrest/hamcrest-php/hamcrest/Hamcrest/FeatureMatcher.php',
    'Hamcrest\\Internal\\SelfDescribingValue' => $vendorDir . '/hamcrest/hamcrest-php/hamcrest/Hamcrest/Internal/SelfDescribingValue.php',
    'Hamcrest\\Matcher' => $vendorDir . '/hamcrest/hamcrest-php/hamcrest/Hamcrest/Matcher.php',
    'Hamcrest\\MatcherAssert' => $vendorDir . '/hamcrest/hamcrest-php/hamcrest/Hamcrest/MatcherAssert.php',
    'Hamcrest\\Matchers' => $vendorDir . '/hamcrest/hamcrest-php/hamcrest/Hamcrest/Matchers.php',
    'Hamcrest\\NullDescription' => $vendorDir . '/hamcrest/hamcrest-php/hamcrest/Hamcrest/NullDescription.php',
    'Hamcrest\\Number\\IsCloseTo' => $vendorDir . '/hamcrest/hamcrest-php/hamcrest/Hamcrest/Number/IsCloseTo.php',
    'Hamcrest\\Number\\OrderingComparison' => $vendorDir . '/hamcrest/hamcrest-php/hamcrest/Hamcrest/Number/OrderingComparison.php',
    'Hamcrest\\SelfDescribing' => $vendorDir . '/hamcrest/hamcrest-php/hamcrest/Hamcrest/SelfDescribing.php',
    'Hamcrest\\StringDescription' => $vendorDir . '/hamcrest/hamcrest-php/hamcrest/Hamcrest/StringDescription.php',
    'Hamcrest\\Text\\IsEmptyString' => $vendorDir . '/hamcrest/hamcrest-php/hamcrest/Hamcrest/Text/IsEmptyString.php',
    'Hamcrest\\Text\\IsEqualIgnoringCase' => $vendorDir . '/hamcrest/hamcrest-php/hamcrest/Hamcrest/Text/IsEqualIgnoringCase.php',
    'Hamcrest\\Text\\IsEqualIgnoringWhiteSpace' => $vendorDir . '/hamcrest/hamcrest-php/hamcrest/Hamcrest/Text/IsEqualIgnoringWhiteSpace.php',
    'Hamcrest\\Text\\MatchesPattern' => $vendorDir . '/hamcrest/hamcrest-php/hamcrest/Hamcrest/Text/MatchesPattern.php',
    'Hamcrest\\Text\\StringContains' => $vendorDir . '/hamcrest/hamcrest-php/hamcrest/Hamcrest/Text/StringContains.php',
    'Hamcrest\\Text\\StringContainsIgnoringCase' => $vendorDir . '/hamcrest/hamcrest-php/hamcrest/Hamcrest/Text/StringContainsIgnoringCase.php',
    'Hamcrest\\Text\\StringContainsInOrder' => $vendorDir . '/hamcrest/hamcrest-php/hamcrest/Hamcrest/Text/StringContainsInOrder.php',
    'Hamcrest\\Text\\StringEndsWith' => $vendorDir . '/hamcrest/hamcrest-php/hamcrest/Hamcrest/Text/StringEndsWith.php',
    'Hamcrest\\Text\\StringStartsWith' => $vendorDir . '/hamcrest/hamcrest-php/hamcrest/Hamcrest/Text/StringStartsWith.php',
    'Hamcrest\\Text\\SubstringMatcher' => $vendorDir . '/hamcrest/hamcrest-php/hamcrest/Hamcrest/Text/SubstringMatcher.php',
    'Hamcrest\\TypeSafeDiagnosingMatcher' => $vendorDir . '/hamcrest/hamcrest-php/hamcrest/Hamcrest/TypeSafeDiagnosingMatcher.php',
    'Hamcrest\\TypeSafeMatcher' => $vendorDir . '/hamcrest/hamcrest-php/hamcrest/Hamcrest/TypeSafeMatcher.php',
    'Hamcrest\\Type\\IsArray' => $vendorDir . '/hamcrest/hamcrest-php/hamcrest/Hamcrest/Type/IsArray.php',
    'Hamcrest\\Type\\IsBoolean' => $vendorDir . '/hamcrest/hamcrest-php/hamcrest/Hamcrest/Type/IsBoolean.php',
    'Hamcrest\\Type\\IsCallable' => $vendorDir . '/hamcrest/hamcrest-php/hamcrest/Hamcrest/Type/IsCallable.php',
    'Hamcrest\\Type\\IsDouble' => $vendorDir . '/hamcrest/hamcrest-php/hamcrest/Hamcrest/Type/IsDouble.php',
    'Hamcrest\\Type\\IsInteger' => $vendorDir . '/hamcrest/hamcrest-php/hamcrest/Hamcrest/Type/IsInteger.php',
    'Hamcrest\\Type\\IsNumeric' => $vendorDir . '/hamcrest/hamcrest-php/hamcrest/Hamcrest/Type/IsNumeric.php',
    'Hamcrest\\Type\\IsObject' => $vendorDir . '/hamcrest/hamcrest-php/hamcrest/Hamcrest/Type/IsObject.php',
    'Hamcrest\\Type\\IsResource' => $vendorDir . '/hamcrest/hamcrest-php/hamcrest/Hamcrest/Type/IsResource.php',
    'Hamcrest\\Type\\IsScalar' => $vendorDir . '/hamcrest/hamcrest-php/hamcrest/Hamcrest/Type/IsScalar.php',
    'Hamcrest\\Type\\IsString' => $vendorDir . '/hamcrest/hamcrest-php/hamcrest/Hamcrest/Type/IsString.php',
    'Hamcrest\\Util' => $vendorDir . '/hamcrest/hamcrest-php/hamcrest/Hamcrest/Util.php',
    'Hamcrest\\Xml\\HasXPath' => $vendorDir . '/hamcrest/hamcrest-php/hamcrest/Hamcrest/Xml/HasXPath.php',
    'Illuminate\\Auth\\Access\\AuthorizationException' => $vendorDir . '/laravel/framework/src/Illuminate/Auth/Access/AuthorizationException.php',
    'Illuminate\\Auth\\Access\\Gate' => $vendorDir . '/laravel/framework/src/Illuminate/Auth/Access/Gate.php',
    'Illuminate\\Auth\\Access\\HandlesAuthorization' => $vendorDir . '/laravel/framework/src/Illuminate/Auth/Access/HandlesAuthorization.php',
    'Illuminate\\Auth\\Access\\Response' => $vendorDir . '/laravel/framework/src/Illuminate/Auth/Access/Response.php',
    'Illuminate\\Auth\\AuthManager' => $vendorDir . '/laravel/framework/src/Illuminate/Auth/AuthManager.php',
    'Illuminate\\Auth\\AuthServiceProvider' => $vendorDir . '/laravel/framework/src/Illuminate/Auth/AuthServiceProvider.php',
    'Illuminate\\Auth\\Authenticatable' => $vendorDir . '/laravel/framework/src/Illuminate/Auth/Authenticatable.php',
    'Illuminate\\Auth\\AuthenticationException' => $vendorDir . '/laravel/framework/src/Illuminate/Auth/AuthenticationException.php',
    'Illuminate\\Auth\\Console\\AuthMakeCommand' => $vendorDir . '/laravel/framework/src/Illuminate/Auth/Console/AuthMakeCommand.php',
    'Illuminate\\Auth\\Console\\ClearResetsCommand' => $vendorDir . '/laravel/framework/src/Illuminate/Auth/Console/ClearResetsCommand.php',
    'Illuminate\\Auth\\CreatesUserProviders' => $vendorDir . '/laravel/framework/src/Illuminate/Auth/CreatesUserProviders.php',
    'Illuminate\\Auth\\DatabaseUserProvider' => $vendorDir . '/laravel/framework/src/Illuminate/Auth/DatabaseUserProvider.php',
    'Illuminate\\Auth\\EloquentUserProvider' => $vendorDir . '/laravel/framework/src/Illuminate/Auth/EloquentUserProvider.php',
    'Illuminate\\Auth\\Events\\Attempting' => $vendorDir . '/laravel/framework/src/Illuminate/Auth/Events/Attempting.php',
    'Illuminate\\Auth\\Events\\Authenticated' => $vendorDir . '/laravel/framework/src/Illuminate/Auth/Events/Authenticated.php',
    'Illuminate\\Auth\\Events\\Failed' => $vendorDir . '/laravel/framework/src/Illuminate/Auth/Events/Failed.php',
    'Illuminate\\Auth\\Events\\Lockout' => $vendorDir . '/laravel/framework/src/Illuminate/Auth/Events/Lockout.php',
    'Illuminate\\Auth\\Events\\Login' => $vendorDir . '/laravel/framework/src/Illuminate/Auth/Events/Login.php',
    'Illuminate\\Auth\\Events\\Logout' => $vendorDir . '/laravel/framework/src/Illuminate/Auth/Events/Logout.php',
    'Illuminate\\Auth\\Events\\OtherDeviceLogout' => $vendorDir . '/laravel/framework/src/Illuminate/Auth/Events/OtherDeviceLogout.php',
    'Illuminate\\Auth\\Events\\PasswordReset' => $vendorDir . '/laravel/framework/src/Illuminate/Auth/Events/PasswordReset.php',
    'Illuminate\\Auth\\Events\\Registered' => $vendorDir . '/laravel/framework/src/Illuminate/Auth/Events/Registered.php',
    'Illuminate\\Auth\\Events\\Verified' => $vendorDir . '/laravel/framewor